<?xml version='1.0' encoding='UTF-8'?>
<testsuite hostname="admin-manjaro" name="com.tp.spark.core.Ex3HashTagMiningSpec" tests="3" errors="0" failures="0" skipped="0" time="3.018" timestamp="2022-03-04T13:22:25">
          <properties>
      <property name="awt.toolkit" value="sun.awt.X11.XToolkit"/><property name="java.specification.version" value="11"/><property name="sun.cpu.isalist" value=""/><property name="sun.jnu.encoding" value="UTF-8"/><property name="sun.arch.data.model" value="64"/><property name="sbt.supershell" value="false"/><property name="java.vendor.url" value="https://aws.amazon.com/corretto/"/><property name="sun.boot.library.path" value="/home/admin/.jdks/corretto-11.0.14.1/lib"/><property name="sun.java.command" value="/home/admin/.local/share/JetBrains/IntelliJIdea2021.3/Scala/launcher/sbt-launch.jar early(addPluginSbtFile=&quot;&quot;&quot;/tmp/idea1.sbt&quot;&quot;&quot;) ; set ideaPort in Global := 44143 ; idea-shell"/><property name="jdk.debug" value="release"/><property name="java.specification.vendor" value="Oracle Corporation"/><property name="java.version.date" value="2022-02-08"/><property name="java.home" value="/home/admin/.jdks/corretto-11.0.14.1"/><property name="file.separator" value="/"/><property name="java.vm.compressedOopsMode" value="32-bit"/><property name="line.separator" value="
"/><property name="java.specification.name" value="Java Platform API Specification"/><property name="java.vm.specification.vendor" value="Oracle Corporation"/><property name="idea.installation.dir" value="/var/lib/snapd/snap/intellij-idea-ultimate/341"/><property name="sun.management.compiler" value="HotSpot 64-Bit Tiered Compilers"/><property name="java.runtime.version" value="11.0.14.1+10-LTS"/><property name="user.name" value="admin"/><property name="log4j.ignoreTCL" value="true"/><property name="file.encoding" value="UTF-8"/><property name="jnidispatch.path" value="/home/admin/.cache/JNA/temp/jna13479783871351288503.tmp"/><property name="java.vendor.version" value="Corretto-11.0.14.10.1"/><property name="jna.loaded" value="true"/><property name="java.io.tmpdir" value="/tmp"/><property name="java.version" value="11.0.14.1"/><property name="java.vm.specification.name" value="Java Virtual Machine Specification"/><property name="java.awt.printerjob" value="sun.print.PSPrinterJob"/><property name="sun.os.patch.level" value="unknown"/><property name="java.library.path" value="/usr/java/packages/lib:/usr/lib64:/lib64:/lib:/usr/lib"/><property name="java.vendor" value="Amazon.com Inc."/><property name="sun.io.unicode.encoding" value="UnicodeLittle"/><property name="sun.desktop" value="gnome"/><property name="java.class.path" value="/home/admin/.local/share/JetBrains/IntelliJIdea2021.3/Scala/launcher/sbt-launch.jar"/><property name="java.vm.vendor" value="Amazon.com Inc."/><property name="jline.shutdownhook" value="false"/><property name="user.timezone" value="Europe/Paris"/><property name="os.name" value="Linux"/><property name="java.vm.specification.version" value="11"/><property name="sun.java.launcher" value="SUN_STANDARD"/><property name="user.country" value="FR"/><property name="sun.cpu.endian" value="little"/><property name="user.home" value="/home/admin"/><property name="user.language" value="fr"/><property name="swoval.tmpdir" value="/home/admin/.sbt/1.0"/><property name="java.awt.graphicsenv" value="sun.awt.X11GraphicsEnvironment"/><property name="jline.esc.timeout" value="0"/><property name="path.separator" value=":"/><property name="os.version" value="5.13.19-2-MANJARO"/><property name="jna.nosys" value="true"/><property name="java.runtime.name" value="OpenJDK Runtime Environment"/><property name="sun.nio.ch.bugLevel" value=""/><property name="java.vm.name" value="OpenJDK 64-Bit Server VM"/><property name="jna.platform.library.path" value="/usr/lib64:/lib64:/usr/lib:/lib:/usr/lib32:/usr/lib/openmpi:/usr/lib/libfakeroot"/><property name="java.vendor.url.bug" value="https://github.com/corretto/corretto-11/issues/"/><property name="jetty.git.hash" value="b881a572662e1943a14ae12e7e1207989f218b74"/><property name="user.dir" value="/home/admin/Documents/efrei/data/spark-lab-json"/><property name="os.arch" value="amd64"/><property name="idea.managed" value="true"/><property name="java.vm.info" value="mixed mode"/><property name="java.vm.version" value="11.0.14.1+10-LTS"/><property name="java.class.version" value="55.0"/>
    </properties>
          <testcase classname="com.tp.spark.core.Ex3HashTagMiningSpec" name="should count the hashtag mentioned on tweets" time="1.926">
                      
                    </testcase><testcase classname="com.tp.spark.core.Ex3HashTagMiningSpec" name="should count the number of mention by hashtag" time="0.767">
                      
                    </testcase><testcase classname="com.tp.spark.core.Ex3HashTagMiningSpec" name="should define the top10" time="0.325">
                      
                    </testcase>
          <system-out><![CDATA[]]></system-out>
          <system-err><![CDATA[]]></system-err>
        </testsuite>